<?xml version="1.0" encoding="UTF-8"?>
<!-- Generated by org.testng.reporters.JUnitReportReporter -->
<testsuite skipped="0" hostname="Admin-PC" name="tests.Solution1" tests="1" failures="0" timestamp="01 May 2021 06:49:58 GMT" time="120.961" errors="0">
  <testcase name="flipkartAction" time="120.961" classname="tests.Solution1"/>
</testsuite> <!-- tests.Solution1 -->
